15:35:43 INFO  : Registering command handlers for SDK TCF services
15:35:44 INFO  : Launching XSCT server: xsct.bat -interactive C:\Users\811692\Downloads\frogger\vivado_proj_hdmi\zybo_hdmi.sdk\temp_xsdb_launch_script.tcl
15:35:47 INFO  : XSCT server has started successfully.
15:35:50 INFO  : Successfully done setting XSCT server connection channel  
15:35:50 INFO  : Successfully done setting SDK workspace  
15:35:50 INFO  : Processing command line option -hwspec C:/Users/811692/Downloads/frogger/vivado_proj_hdmi/zybo_hdmi.sdk/system_wrapper.hdf.
15:38:16 INFO  : Connected to target on host '127.0.0.1' and port '3121'.
15:44:58 INFO  : Connected to target on host '127.0.0.1' and port '3121'.
15:44:59 INFO  : 'targets -set -filter {jtag_cable_name =~ "Digilent Zybo Z7 210351A81BB5A" && level==0} -index 1' command is executed.
15:45:01 INFO  : FPGA configured successfully with bitstream "C:/Users/811692/Downloads/frogger/vivado_proj_hdmi/zybo_hdmi.sdk/system_wrapper_hw_platform_0/system_wrapper.bit"
15:45:55 WARN  : Given IPC port value is invalid. Using default port 2350
15:45:55 WARN  : Given XMD timeout value is invalid. Using default value of 50000
15:45:57 WARN  : Given XMD transaction timeout value is invalid. Using default value of 60000 milli seconds
15:45:57 WARN  : Given XMD transaction timeout value is invalid. Using default value of 60000 milli seconds
15:45:59 WARN  : Given XMD transaction timeout value is invalid. Using default value of 60000 milli seconds
15:45:59 WARN  : Given XMD transaction timeout value is invalid. Using default value of 60000 milli seconds
15:45:59 WARN  : Given XMD transaction timeout value is invalid. Using default value of 60000 milli seconds
15:45:59 WARN  : Given XMD transaction timeout value is invalid. Using default value of 60000 milli seconds
15:45:59 WARN  : Given XMD transaction timeout value is invalid. Using default value of 60000 milli seconds
15:46:00 WARN  : Given XMD transaction timeout value is invalid. Using default value of 60000 milli seconds
15:46:00 WARN  : Given XMD transaction timeout value is invalid. Using default value of 60000 milli seconds
15:46:00 INFO  : ps7_init is completed.
15:46:00 WARN  : Given XMD transaction timeout value is invalid. Using default value of 60000 milli seconds
15:46:00 INFO  : ps7_post_config is completed.
15:46:00 WARN  : Given XMD transaction timeout value is invalid. Using default value of 60000 milli seconds
15:46:00 WARN  : Given XMD transaction timeout value is invalid. Using default value of 60000 milli seconds
15:46:00 INFO  : Processor reset is completed for ps7_cortexa9_0
15:46:00 WARN  : Given XMD transaction timeout value is invalid. Using default value of 60000 milli seconds
15:46:00 WARN  : Given XMD transaction timeout value is invalid. Using default value of 60000 milli seconds
15:46:00 WARN  : Given XMD transaction timeout value is invalid. Using default value of 60000 milli seconds
15:46:01 WARN  : Given XMD transaction timeout value is invalid. Using default value of 60000 milli seconds
15:46:01 WARN  : Given XMD transaction timeout value is invalid. Using default value of 60000 milli seconds
15:46:01 WARN  : Given XMD transaction timeout value is invalid. Using default value of 60000 milli seconds
15:52:20 INFO  : Connected to target on host '127.0.0.1' and port '3121'.
15:52:20 INFO  : 'targets -set -filter {jtag_cable_name =~ "Digilent Zybo Z7 210351A81BB5A" && level==0} -index 1' command is executed.
15:52:23 INFO  : FPGA configured successfully with bitstream "C:/Users/811692/Downloads/frogger/vivado_proj_hdmi/zybo_hdmi.sdk/system_wrapper_hw_platform_0/system_wrapper.bit"
15:52:30 WARN  : Given XMD transaction timeout value is invalid. Using default value of 60000 milli seconds
15:52:30 INFO  : ps7_cortexa9_0 Processor is in use. Please stop existing Run or Debug sessions before launching.
15:52:34 WARN  : Given XMD transaction timeout value is invalid. Using default value of 60000 milli seconds
15:52:34 WARN  : Given XMD transaction timeout value is invalid. Using default value of 60000 milli seconds
15:52:34 WARN  : Given XMD transaction timeout value is invalid. Using default value of 60000 milli seconds
15:52:34 WARN  : Given XMD transaction timeout value is invalid. Using default value of 60000 milli seconds
15:52:34 WARN  : Given XMD transaction timeout value is invalid. Using default value of 60000 milli seconds
15:52:34 INFO  : Processor reset is completed for ps7_cortexa9_0
15:52:34 WARN  : Given XMD transaction timeout value is invalid. Using default value of 60000 milli seconds
15:52:34 WARN  : Given XMD transaction timeout value is invalid. Using default value of 60000 milli seconds
15:52:35 WARN  : Given XMD transaction timeout value is invalid. Using default value of 60000 milli seconds
15:52:35 WARN  : Given XMD transaction timeout value is invalid. Using default value of 60000 milli seconds
15:52:35 WARN  : Given XMD transaction timeout value is invalid. Using default value of 60000 milli seconds
15:52:35 WARN  : Given XMD transaction timeout value is invalid. Using default value of 60000 milli seconds
15:53:42 WARN  : Given XMD transaction timeout value is invalid. Using default value of 60000 milli seconds
15:53:42 WARN  : Given XMD transaction timeout value is invalid. Using default value of 60000 milli seconds
15:53:42 WARN  : Given XMD transaction timeout value is invalid. Using default value of 60000 milli seconds
15:53:42 ERROR : Unexpected error while parsing XMD response ?: com.google.gson.JsonSyntaxException: com.google.gson.stream.MalformedJsonException: invalid number or unquoted string near 
15:54:37 INFO  : Registering command handlers for SDK TCF services
15:54:38 INFO  : Launching XSCT server: xsct.bat -interactive C:\Users\811692\Downloads\frogger\vivado_proj_hdmi\zybo_hdmi.sdk\temp_xsdb_launch_script.tcl
15:54:39 INFO  : XSCT server has started successfully.
15:54:39 INFO  : Successfully done setting XSCT server connection channel  
15:54:39 INFO  : Successfully done setting SDK workspace  
15:54:39 INFO  : Processing command line option -hwspec C:/Users/811692/Downloads/frogger/vivado_proj_hdmi/zybo_hdmi.sdk/system_wrapper.hdf.
15:54:39 INFO  : Checking for hwspec changes in the project system_wrapper_hw_platform_0.
15:55:05 WARN  : Given IPC port value is invalid. Using default port 2350
15:55:05 WARN  : Given XMD timeout value is invalid. Using default value of 50000
15:55:06 WARN  : Given XMD transaction timeout value is invalid. Using default value of 60000 milli seconds
15:55:06 WARN  : Given XMD transaction timeout value is invalid. Using default value of 60000 milli seconds
15:55:08 WARN  : Given XMD transaction timeout value is invalid. Using default value of 60000 milli seconds
15:55:11 WARN  : Given XMD transaction timeout value is invalid. Using default value of 60000 milli seconds
15:55:11 WARN  : Given XMD transaction timeout value is invalid. Using default value of 60000 milli seconds
15:55:11 WARN  : Given XMD transaction timeout value is invalid. Using default value of 60000 milli seconds
15:55:11 WARN  : Given XMD transaction timeout value is invalid. Using default value of 60000 milli seconds
15:55:11 WARN  : Given XMD transaction timeout value is invalid. Using default value of 60000 milli seconds
15:55:11 WARN  : Given XMD transaction timeout value is invalid. Using default value of 60000 milli seconds
15:55:11 INFO  : Processor reset is completed for ps7_cortexa9_0
15:55:11 WARN  : Given XMD transaction timeout value is invalid. Using default value of 60000 milli seconds
15:55:12 WARN  : Given XMD transaction timeout value is invalid. Using default value of 60000 milli seconds
15:55:12 WARN  : Given XMD transaction timeout value is invalid. Using default value of 60000 milli seconds
15:55:12 WARN  : Given XMD transaction timeout value is invalid. Using default value of 60000 milli seconds
15:55:12 WARN  : Given XMD transaction timeout value is invalid. Using default value of 60000 milli seconds
15:55:12 WARN  : Given XMD transaction timeout value is invalid. Using default value of 60000 milli seconds
15:56:19 WARN  : Given XMD transaction timeout value is invalid. Using default value of 60000 milli seconds
15:56:19 INFO  : ps7_cortexa9_0 Processor is in use. Please stop existing Run or Debug sessions before launching.
15:56:21 WARN  : Given XMD transaction timeout value is invalid. Using default value of 60000 milli seconds
15:56:21 WARN  : Given XMD transaction timeout value is invalid. Using default value of 60000 milli seconds
15:56:21 WARN  : Given XMD transaction timeout value is invalid. Using default value of 60000 milli seconds
15:56:21 WARN  : Given XMD transaction timeout value is invalid. Using default value of 60000 milli seconds
15:56:22 WARN  : Given XMD transaction timeout value is invalid. Using default value of 60000 milli seconds
15:56:22 INFO  : Processor reset is completed for ps7_cortexa9_0
15:56:22 WARN  : Given XMD transaction timeout value is invalid. Using default value of 60000 milli seconds
15:56:22 WARN  : Given XMD transaction timeout value is invalid. Using default value of 60000 milli seconds
15:56:22 WARN  : Given XMD transaction timeout value is invalid. Using default value of 60000 milli seconds
15:56:22 WARN  : Given XMD transaction timeout value is invalid. Using default value of 60000 milli seconds
15:56:22 WARN  : Given XMD transaction timeout value is invalid. Using default value of 60000 milli seconds
15:56:22 WARN  : Given XMD transaction timeout value is invalid. Using default value of 60000 milli seconds
