Copyright 1986-2017 Xilinx, Inc. All Rights Reserved.
----------------------------------------------------------------------------------------------------------------------------------------------------------------
| Tool Version     : Vivado v.2017.4 (win64) Build 2086221 Fri Dec 15 20:55:39 MST 2017
| Date             : Sun Jun 28 15:29:48 2026
| Host             : CP-DK-214509 running 64-bit major release  (build 9200)
| Command          : report_power -file system_wrapper_power_routed.rpt -pb system_wrapper_power_summary_routed.pb -rpx system_wrapper_power_routed.rpx
| Design           : system_wrapper
| Device           : xc7z020clg400-1
| Design State     : routed
| Grade            : commercial
| Process          : typical
| Characterization : Production
----------------------------------------------------------------------------------------------------------------------------------------------------------------

Power Report

Table of Contents
-----------------
1. Summary
1.1 On-Chip Components
1.2 Power Supply Summary
1.3 Confidence Level
2. Settings
2.1 Environment
2.2 Clock Constraints
3. Detailed Reports
3.1 By Hierarchy

1. Summary
----------

+--------------------------+--------------+
| Total On-Chip Power (W)  | 1.682        |
| Design Power Budget (W)  | Unspecified* |
| Power Budget Margin (W)  | NA           |
| Dynamic (W)              | 1.538        |
| Device Static (W)        | 0.145        |
| Effective TJA (C/W)      | 11.5         |
| Max Ambient (C)          | 65.6         |
| Junction Temperature (C) | 44.4         |
| Confidence Level         | Low          |
| Setting File             | ---          |
| Simulation Activity File | ---          |
| Design Nets Matched      | NA           |
+--------------------------+--------------+
* Specify Design Power Budget using, set_operating_conditions -design_power_budget <value in Watts>


1.1 On-Chip Components
----------------------

+--------------------------+-----------+----------+-----------+-----------------+
| On-Chip                  | Power (W) | Used     | Available | Utilization (%) |
+--------------------------+-----------+----------+-----------+-----------------+
| Clocks                   |     0.012 |        7 |       --- |             --- |
| Slice Logic              |     0.002 |     6024 |       --- |             --- |
|   LUT as Logic           |     0.002 |     1944 |     53200 |            3.65 |
|   CARRY4                 |    <0.001 |      129 |     13300 |            0.97 |
|   Register               |    <0.001 |     2939 |    106400 |            2.76 |
|   F7/F8 Muxes            |    <0.001 |        5 |     53200 |           <0.01 |
|   LUT as Shift Register  |    <0.001 |      125 |     17400 |            0.72 |
|   Others                 |     0.000 |      451 |       --- |             --- |
|   LUT as Distributed RAM |     0.000 |        2 |     17400 |            0.01 |
| Signals                  |     0.003 |     4531 |       --- |             --- |
| Block RAM                |     0.001 |        6 |       140 |            4.29 |
| MMCM                     |     0.114 |        1 |         4 |           25.00 |
| I/O                      |     0.002 |       12 |       125 |            9.60 |
| PS7                      |     1.404 |        1 |       --- |             --- |
| Static Power             |     0.145 |          |           |                 |
| Total                    |     1.682 |          |           |                 |
+--------------------------+-----------+----------+-----------+-----------------+


1.2 Power Supply Summary
------------------------

+-----------+-------------+-----------+-------------+------------+
| Source    | Voltage (V) | Total (A) | Dynamic (A) | Static (A) |
+-----------+-------------+-----------+-------------+------------+
| Vccint    |       1.000 |     0.034 |       0.019 |      0.015 |
| Vccaux    |       1.800 |     0.078 |       0.063 |      0.015 |
| Vcco33    |       3.300 |     0.001 |       0.000 |      0.001 |
| Vcco25    |       2.500 |     0.000 |       0.000 |      0.000 |
| Vcco18    |       1.800 |     0.000 |       0.000 |      0.000 |
| Vcco15    |       1.500 |     0.000 |       0.000 |      0.000 |
| Vcco135   |       1.350 |     0.000 |       0.000 |      0.000 |
| Vcco12    |       1.200 |     0.000 |       0.000 |      0.000 |
| Vccaux_io |       1.800 |     0.000 |       0.000 |      0.000 |
| Vccbram   |       1.000 |     0.001 |       0.000 |      0.001 |
| MGTAVcc   |       1.000 |     0.000 |       0.000 |      0.000 |
| MGTAVtt   |       1.200 |     0.000 |       0.000 |      0.000 |
| MGTVccaux |       1.800 |     0.000 |       0.000 |      0.000 |
| Vccpint   |       1.000 |     0.752 |       0.722 |      0.030 |
| Vccpaux   |       1.800 |     0.061 |       0.051 |      0.010 |
| Vccpll    |       1.800 |     0.017 |       0.014 |      0.003 |
| Vcco_ddr  |       1.350 |     0.413 |       0.411 |      0.002 |
| Vcco_mio0 |       3.300 |     0.003 |       0.002 |      0.001 |
| Vcco_mio1 |       1.800 |     0.003 |       0.002 |      0.001 |
| Vccadc    |       1.800 |     0.020 |       0.000 |      0.020 |
+-----------+-------------+-----------+-------------+------------+


1.3 Confidence Level
--------------------

+-----------------------------+------------+--------------------------------------------------------+------------------------------------------------------------------------------------------------------------+
| User Input Data             | Confidence | Details                                                | Action                                                                                                     |
+-----------------------------+------------+--------------------------------------------------------+------------------------------------------------------------------------------------------------------------+
| Design implementation state | High       | Design is routed                                       |                                                                                                            |
| Clock nodes activity        | High       | User specified more than 95% of clocks                 |                                                                                                            |
| I/O nodes activity          | Low        | More than 75% of inputs are missing user specification | Provide missing input activity with simulation results or by editing the "By Resource Type -> I/Os" view   |
| Internal nodes activity     | Medium     | User specified less than 25% of internal nodes         | Provide missing internal nodes activity with simulation results or by editing the "By Resource Type" views |
| Device models               | High       | Device models are Production                           |                                                                                                            |
|                             |            |                                                        |                                                                                                            |
| Overall confidence level    | Low        |                                                        |                                                                                                            |
+-----------------------------+------------+--------------------------------------------------------+------------------------------------------------------------------------------------------------------------+


2. Settings
-----------

2.1 Environment
---------------

+-----------------------+------------------------+
| Ambient Temp (C)      | 25.0                   |
| ThetaJA (C/W)         | 11.5                   |
| Airflow (LFM)         | 250                    |
| Heat Sink             | none                   |
| ThetaSA (C/W)         | 0.0                    |
| Board Selection       | medium (10"x10")       |
| # of Board Layers     | 8to11 (8 to 11 Layers) |
| Board Temperature (C) | 25.0                   |
+-----------------------+------------------------+


2.2 Clock Constraints
---------------------

+-----------------------------+-----------------------------------------------------------+-----------------+
| Clock                       | Domain                                                    | Constraint (ns) |
+-----------------------------+-----------------------------------------------------------+-----------------+
| clk_fpga_0                  | system_i/processing_system7_0/inst/FCLK_CLK0              |            10.0 |
| clk_fpga_0                  | system_i/processing_system7_0/inst/FCLK_CLK_unbuffered[0] |            10.0 |
| clk_out1_system_clk_wiz_0_0 | system_i/clk_wiz_0/inst/clk_out1_system_clk_wiz_0_0       |            39.7 |
| clk_out2_system_clk_wiz_0_0 | system_i/clk_wiz_0/inst/clk_out2_system_clk_wiz_0_0       |             7.9 |
| clkfbout_system_clk_wiz_0_0 | system_i/clk_wiz_0/inst/clkfbout_system_clk_wiz_0_0       |            20.0 |
+-----------------------------+-----------------------------------------------------------+-----------------+


3. Detailed Reports
-------------------

3.1 By Hierarchy
----------------

+--------------------------------------------------------------------------------------+-----------+
| Name                                                                                 | Power (W) |
+--------------------------------------------------------------------------------------+-----------+
| system_wrapper                                                                       |     1.538 |
|   system_i                                                                           |     1.538 |
|     axi_gpio_0                                                                       |    <0.001 |
|       U0                                                                             |    <0.001 |
|         AXI_LITE_IPIF_I                                                              |    <0.001 |
|           I_SLAVE_ATTACHMENT                                                         |    <0.001 |
|             I_DECODER                                                                |    <0.001 |
|         gpio_core_1                                                                  |    <0.001 |
|           Not_Dual.INPUT_DOUBLE_REGS3                                                |    <0.001 |
|     axi_mem_intercon                                                                 |    <0.001 |
|       s00_couplers                                                                   |    <0.001 |
|         auto_pc                                                                      |    <0.001 |
|           inst                                                                       |    <0.001 |
|             gen_axi4_axi3.axi3_conv_inst                                             |    <0.001 |
|               USE_READ.USE_SPLIT_R.read_addr_inst                                    |    <0.001 |
|                 USE_R_CHANNEL.cmd_queue                                              |    <0.001 |
|                   inst                                                               |    <0.001 |
|                     fifo_gen_inst                                                    |    <0.001 |
|                       inst_fifo_gen                                                  |    <0.001 |
|                         gconvfifo.rf                                                 |    <0.001 |
|                           grf.rf                                                     |    <0.001 |
|                             gntv_or_sync_fifo.gl0.rd                                 |    <0.001 |
|                               gr1.gr1_int.rfwft                                      |    <0.001 |
|                               grss.rsts                                              |    <0.001 |
|                               rpntr                                                  |    <0.001 |
|                             gntv_or_sync_fifo.gl0.wr                                 |    <0.001 |
|                               gwss.wsts                                              |    <0.001 |
|                               wpntr                                                  |    <0.001 |
|                             gntv_or_sync_fifo.mem                                    |    <0.001 |
|                               gdm.dm_gen.dm                                          |    <0.001 |
|                                 RAM_reg_0_31_0_0                                     |    <0.001 |
|                             rstblk                                                   |    <0.001 |
|                               ngwrdrst.grst.g7serrst.gnsckt_wrst.rst_wr_reg2_inst    |    <0.001 |
|     axi_vdma_0                                                                       |     0.007 |
|       U0                                                                             |     0.007 |
|         AXI_LITE_REG_INTERFACE_I                                                     |     0.001 |
|           GEN_AXI_LITE_IF.AXI_LITE_IF_I                                              |     0.001 |
|             GEN_LITE_IS_ASYNC.GEN_MM2S_ONLY_ASYNC_LITE_ACCESS.LITE_WVALID_MM2S_CDC_I |    <0.001 |
|         GEN_SPRT_FOR_MM2S.ADDR32.I_MM2S_DMA_MNGR                                     |     0.001 |
|           I_CMDSTS                                                                   |    <0.001 |
|           I_SM                                                                       |    <0.001 |
|           I_STS_MNGR                                                                 |    <0.001 |
|           VIDEO_GENLOCK_I                                                            |    <0.001 |
|             DYNAMIC_GENLOCK_FOR_SLAVE.GENLOCK_MUX_I                                  |     0.000 |
|           VIDEO_REG_I                                                                |    <0.001 |
|             GEN_REGISTER_DIRECT.GEN_REGDIRECT_DRES.VIDREGISTER_I                     |    <0.001 |
|         GEN_SPRT_FOR_MM2S.MM2S_FSYNC_I                                               |    <0.001 |
|         GEN_SPRT_FOR_MM2S.MM2S_LINEBUFFER_I                                          |    <0.001 |
|           GEN_LINEBUF_NO_SOF.GEN_LINEBUFFER.GEN_SYNC_FIFO.I_LINEBUFFER_FIFO          |    <0.001 |
|             fg_inst                                                                  |    <0.001 |
|               inst_fifo_gen                                                          |    <0.001 |
|                 gconvfifo.rf                                                         |    <0.001 |
|                   grf.rf                                                             |    <0.001 |
|                     gntv_or_sync_fifo.gl0.rd                                         |    <0.001 |
|                       gr1.gr1_int.rfwft                                              |    <0.001 |
|                       grss.rsts                                                      |    <0.001 |
|                         c1                                                           |    <0.001 |
|                         c2                                                           |    <0.001 |
|                       rpntr                                                          |    <0.001 |
|                     gntv_or_sync_fifo.gl0.wr                                         |    <0.001 |
|                       gwss.wsts                                                      |    <0.001 |
|                         c0                                                           |    <0.001 |
|                         c1                                                           |    <0.001 |
|                       wpntr                                                          |    <0.001 |
|                     gntv_or_sync_fifo.mem                                            |    <0.001 |
|                       gbm.gbmg.gbmgb.ngecc.bmg                                       |    <0.001 |
|                         inst_blk_mem_gen                                             |    <0.001 |
|                           gnbram.gnativebmg.native_blk_mem_gen                       |    <0.001 |
|                             valid.cstr                                               |    <0.001 |
|                               ramloop[0].ram.r                                       |    <0.001 |
|                                 prim_noinit.ram                                      |    <0.001 |
|                               ramloop[1].ram.r                                       |    <0.001 |
|                                 prim_noinit.ram                                      |    <0.001 |
|           GEN_LINEBUF_NO_SOF.GEN_LINEBUFFER.I_MSTR_SKID                              |    <0.001 |
|         GEN_SPRT_FOR_MM2S.MM2S_REGISTER_MODULE_I                                     |    <0.001 |
|           GEN_REG_DIRECT_MODE.REGDIRECT_I                                            |    <0.001 |
|           I_DMA_REGISTER                                                             |    <0.001 |
|           LITE_READ_MUX_I                                                            |     0.000 |
|         GEN_SPRT_FOR_MM2S.MM2S_SOF_I                                                 |    <0.001 |
|         I_AXI_DMA_INTRPT                                                             |    <0.001 |
|         I_PRMRY_DATAMOVER                                                            |     0.003 |
|           GEN_MM2S_FULL.I_MM2S_FULL_WRAPPER                                          |     0.003 |
|             GEN_INCLUDE_MM2S_SF.I_RD_SF                                              |    <0.001 |
|               I_DATA_FIFO                                                            |    <0.001 |
|                 BLK_MEM.I_SYNC_FIFOGEN_FIFO                                          |    <0.001 |
|                   xpm_fifo_instance.xpm_fifo_sync_inst                               |    <0.001 |
|                     xpm_fifo_base_inst                                               |    <0.001 |
|                       gen_fwft.rdpp1_inst                                            |    <0.001 |
|                       gen_sdpram.xpm_memory_base_inst                                |    <0.001 |
|                       rdp_inst                                                       |    <0.001 |
|                       rdpp1_inst                                                     |    <0.001 |
|                       wrp_inst                                                       |    <0.001 |
|                       wrpp1_inst                                                     |    <0.001 |
|                       xpm_fifo_rst_inst                                              |    <0.001 |
|               OMIT_DRE_CNTL.I_DRE_CNTL_FIFO                                          |    <0.001 |
|                 USE_SRL_FIFO.I_SYNC_FIFO                                             |    <0.001 |
|                   I_SRL_FIFO_RBU_F                                                   |    <0.001 |
|                     CNTR_INCR_DECR_ADDN_F_I                                          |    <0.001 |
|                     DYNSHREG_F_I                                                     |    <0.001 |
|             I_ADDR_CNTL                                                              |    <0.001 |
|               GEN_ADDR_FIFO.I_ADDR_QUAL_FIFO                                         |    <0.001 |
|                 USE_SRL_FIFO.I_SYNC_FIFO                                             |    <0.001 |
|                   I_SRL_FIFO_RBU_F                                                   |    <0.001 |
|                     CNTR_INCR_DECR_ADDN_F_I                                          |    <0.001 |
|                     DYNSHREG_F_I                                                     |    <0.001 |
|             I_CMD_STATUS                                                             |    <0.001 |
|               GEN_INCLUDE_STATUS_FIFO.I_STS_FIFO                                     |    <0.001 |
|                 USE_SRL_FIFO.I_SYNC_FIFO                                             |    <0.001 |
|                   I_SRL_FIFO_RBU_F                                                   |    <0.001 |
|                     CNTR_INCR_DECR_ADDN_F_I                                          |    <0.001 |
|                     DYNSHREG_F_I                                                     |    <0.001 |
|               I_CMD_FIFO                                                             |    <0.001 |
|                 USE_SRL_FIFO.I_SYNC_FIFO                                             |    <0.001 |
|                   I_SRL_FIFO_RBU_F                                                   |    <0.001 |
|                     CNTR_INCR_DECR_ADDN_F_I                                          |    <0.001 |
|                     DYNSHREG_F_I                                                     |    <0.001 |
|             I_MSTR_PCC                                                               |    <0.001 |
|             I_RD_DATA_CNTL                                                           |    <0.001 |
|               GEN_DATA_CNTL_FIFO.I_DATA_CNTL_FIFO                                    |    <0.001 |
|                 USE_SRL_FIFO.I_SYNC_FIFO                                             |    <0.001 |
|                   I_SRL_FIFO_RBU_F                                                   |    <0.001 |
|                     CNTR_INCR_DECR_ADDN_F_I                                          |    <0.001 |
|                     DYNSHREG_F_I                                                     |    <0.001 |
|             I_RD_STATUS_CNTLR                                                        |    <0.001 |
|             I_RESET                                                                  |    <0.001 |
|         I_RST_MODULE                                                                 |    <0.001 |
|           GEN_RESET_FOR_MM2S.RESET_I                                                 |    <0.001 |
|             GEN_MIN_FOR_ASYNC.AXIS_CLR_CDC_I                                         |    <0.001 |
|             GEN_MIN_FOR_ASYNC.AXIS_IDLE_CDC_I                                        |    <0.001 |
|             GEN_MIN_FOR_ASYNC.AXIS_MIN_CDC_I                                         |    <0.001 |
|             GEN_MIN_FOR_ASYNC.AXIS_RESET_CDC_I                                       |    <0.001 |
|             GEN_MIN_FOR_ASYNC.LITE_CLR_CDC_I                                         |    <0.001 |
|             GEN_MIN_FOR_ASYNC.LITE_IDLE_CDC_I                                        |    <0.001 |
|             GEN_MIN_FOR_ASYNC.LITE_MIN_CDC_I                                         |    <0.001 |
|             GEN_MIN_FOR_ASYNC.LITE_RESET_CDC_I                                       |    <0.001 |
|             GEN_RESET_FOR_ASYNC.AXIS_RESET_CDC_I                                     |    <0.001 |
|             GEN_RESET_FOR_ASYNC.HARD_RESET_CDC_I                                     |    <0.001 |
|     axis_subset_converter_0                                                          |     0.000 |
|       inst                                                                           |     0.000 |
|     clk_wiz_0                                                                        |     0.114 |
|       inst                                                                           |     0.114 |
|     const_one                                                                        |     0.000 |
|     processing_system7_0                                                             |     1.405 |
|       inst                                                                           |     1.405 |
|     ps7_0_axi_periph                                                                 |     0.005 |
|       s00_couplers                                                                   |     0.004 |
|         auto_pc                                                                      |     0.004 |
|           inst                                                                       |     0.004 |
|             gen_axilite.gen_b2s_conv.axilite_b2s                                     |     0.004 |
|               RD.ar_channel_0                                                        |    <0.001 |
|                 ar_cmd_fsm_0                                                         |    <0.001 |
|                 cmd_translator_0                                                     |    <0.001 |
|                   incr_cmd_0                                                         |    <0.001 |
|                   wrap_cmd_0                                                         |    <0.001 |
|               RD.r_channel_0                                                         |    <0.001 |
|                 rd_data_fifo_0                                                       |    <0.001 |
|                 transaction_fifo_0                                                   |    <0.001 |
|               SI_REG                                                                 |     0.002 |
|                 ar.ar_pipe                                                           |    <0.001 |
|                 aw.aw_pipe                                                           |    <0.001 |
|                 b.b_pipe                                                             |    <0.001 |
|                 r.r_pipe                                                             |    <0.001 |
|               WR.aw_channel_0                                                        |    <0.001 |
|                 aw_cmd_fsm_0                                                         |    <0.001 |
|                 cmd_translator_0                                                     |    <0.001 |
|                   incr_cmd_0                                                         |    <0.001 |
|                   wrap_cmd_0                                                         |    <0.001 |
|               WR.b_channel_0                                                         |    <0.001 |
|                 bid_fifo_0                                                           |    <0.001 |
|                 bresp_fifo_0                                                         |    <0.001 |
|       xbar                                                                           |    <0.001 |
|         inst                                                                         |    <0.001 |
|           gen_sasd.crossbar_sasd_0                                                   |    <0.001 |
|             addr_arbiter_inst                                                        |    <0.001 |
|             gen_decerr.decerr_slave_inst                                             |    <0.001 |
|             reg_slice_r                                                              |    <0.001 |
|             splitter_ar                                                              |    <0.001 |
|             splitter_aw                                                              |    <0.001 |
|     rgb2dvi_0                                                                        |     0.003 |
|       U0                                                                             |     0.003 |
|         ClockSerializer                                                              |    <0.001 |
|         DataEncoders[0].DataEncoder                                                  |    <0.001 |
|         DataEncoders[0].DataSerializer                                               |    <0.001 |
|         DataEncoders[1].DataEncoder                                                  |    <0.001 |
|         DataEncoders[1].DataSerializer                                               |    <0.001 |
|         DataEncoders[2].DataEncoder                                                  |    <0.001 |
|         DataEncoders[2].DataSerializer                                               |    <0.001 |
|         LockLostReset                                                                |    <0.001 |
|           SyncAsyncx                                                                 |    <0.001 |
|     rst_100M                                                                         |    <0.001 |
|       U0                                                                             |    <0.001 |
|         EXT_LPF                                                                      |    <0.001 |
|           ACTIVE_LOW_AUX.ACT_LO_AUX                                                  |    <0.001 |
|           ACTIVE_LOW_EXT.ACT_LO_EXT                                                  |    <0.001 |
|         SEQ                                                                          |    <0.001 |
|           SEQ_COUNTER                                                                |    <0.001 |
|     rst_pix                                                                          |    <0.001 |
|       U0                                                                             |    <0.001 |
|         EXT_LPF                                                                      |    <0.001 |
|           ACTIVE_LOW_AUX.ACT_LO_AUX                                                  |    <0.001 |
|           ACTIVE_LOW_EXT.ACT_LO_EXT                                                  |    <0.001 |
|         SEQ                                                                          |    <0.001 |
|           SEQ_COUNTER                                                                |    <0.001 |
|     v_axi4s_vid_out_0                                                                |     0.002 |
|       inst                                                                           |     0.002 |
|         COUPLER_INST                                                                 |     0.002 |
|           generate_async_fifo.FIFO_INST                                              |     0.002 |
|             XPM_FIFO_ASYNC_INST                                                      |     0.002 |
|               gnuram_async_fifo.xpm_fifo_base_inst                                   |     0.002 |
|                 gen_cdc_pntr.rd_pntr_cdc_inst                                        |    <0.001 |
|                 gen_cdc_pntr.rpw_gray_reg                                            |    <0.001 |
|                 gen_cdc_pntr.wpr_gray_reg                                            |    <0.001 |
|                 gen_cdc_pntr.wpr_gray_reg_dc                                         |    <0.001 |
|                 gen_cdc_pntr.wr_pntr_cdc_dc_inst                                     |    <0.001 |
|                 gen_cdc_pntr.wr_pntr_cdc_inst                                        |    <0.001 |
|                 gen_fwft.rdpp1_inst                                                  |    <0.001 |
|                 gen_sdpram.xpm_memory_base_inst                                      |    <0.001 |
|                 rdp_inst                                                             |    <0.001 |
|                 rdpp1_inst                                                           |    <0.001 |
|                 rst_d1_inst                                                          |    <0.001 |
|                 wrp_inst                                                             |    <0.001 |
|                 wrpp1_inst                                                           |    <0.001 |
|                 wrpp2_inst                                                           |    <0.001 |
|                 xpm_fifo_rst_inst                                                    |    <0.001 |
|                   gen_rst_ic.rrst_rd_inst                                            |    <0.001 |
|                     gen_pipe_bit[1].pipe_bit_inst                                    |    <0.001 |
|                     gen_pipe_bit[2].pipe_bit_inst                                    |    <0.001 |
|                   gen_rst_ic.rrst_wr_inst                                            |    <0.001 |
|                   gen_rst_ic.wrst_rd_inst                                            |    <0.001 |
|                   gen_rst_ic.wrst_wr_inst                                            |    <0.001 |
|                     gen_pipe_bit[0].pipe_bit_inst                                    |    <0.001 |
|                     gen_pipe_bit[1].pipe_bit_inst                                    |    <0.001 |
|         FORMATTER_INST                                                               |    <0.001 |
|         SYNC_INST                                                                    |    <0.001 |
|     v_tc_0                                                                           |    <0.001 |
|       U0                                                                             |    <0.001 |
|         U_TC_TOP                                                                     |    <0.001 |
|           GEN_GENERATOR.U_TC_GEN                                                     |    <0.001 |
|         U_VIDEO_CTRL                                                                 |     0.000 |
+--------------------------------------------------------------------------------------+-----------+


